<?xml version="1.0" encoding="utf-8"?><testsuites name="pytest tests"><testsuite name="pytest" errors="0" failures="0" skipped="0" tests="17" time="0.919" timestamp="2026-01-27T12:03:07.514195+00:00" hostname="agent-env-93a00611-de23-452e-8202-b527291ae4d1"><testcase classname="backend.tests.test_blood_link_search.TestBloodLinkSearch" name="test_search_nearby_blood_banks_basic" time="0.068" /><testcase classname="backend.tests.test_blood_link_search.TestBloodLinkSearch" name="test_search_returns_blood_bank_details" time="0.045" /><testcase classname="backend.tests.test_blood_link_search.TestBloodLinkSearch" name="test_search_with_blood_group_filter" time="0.043" /><testcase classname="backend.tests.test_blood_link_search.TestBloodLinkSearch" name="test_search_with_nonexistent_blood_group" time="0.042" /><testcase classname="backend.tests.test_blood_link_search.TestBloodLinkSearch" name="test_search_with_component_type_filter" time="0.047" /><testcase classname="backend.tests.test_blood_link_search.TestBloodLinkSearch" name="test_search_with_distance_filter" time="0.040" /><testcase classname="backend.tests.test_blood_link_search.TestBloodLinkSearch" name="test_search_with_min_units_filter" time="0.041" /><testcase classname="backend.tests.test_blood_link_search.TestBloodLinkSearch" name="test_search_with_high_min_units" time="0.039" /><testcase classname="backend.tests.test_blood_link_search.TestBloodLinkSearch" name="test_search_far_location" time="0.041" /><testcase classname="backend.tests.test_blood_link_search.TestBloodLinkSearch" name="test_search_invalid_coordinates" time="0.038" /><testcase classname="backend.tests.test_blood_link_search.TestBloodLinkSearch" name="test_search_missing_coordinates" time="0.038" /><testcase classname="backend.tests.test_blood_link_search.TestBloodGroupsSummary" name="test_get_blood_groups_summary" time="0.044" /><testcase classname="backend.tests.test_blood_link_search.TestBloodBankAvailability" name="test_get_availability_valid_org" time="0.093" /><testcase classname="backend.tests.test_blood_link_search.TestBloodBankAvailability" name="test_get_availability_invalid_org" time="0.035" /><testcase classname="backend.tests.test_blood_link_search.TestEmergencyContacts" name="test_get_emergency_contacts" time="0.039" /><testcase classname="backend.tests.test_blood_link_search.TestHaversineDistance" name="test_distance_same_location" time="0.044" /><testcase classname="backend.tests.test_blood_link_search.TestHaversineDistance" name="test_distance_sorted_by_proximity" time="0.042" /></testsuite></testsuites>