<?xml version="1.0" encoding="utf-8"?><testsuites name="pytest tests"><testsuite name="pytest" errors="0" failures="0" skipped="0" tests="18" time="5.853" timestamp="2026-01-27T12:17:38.997722+00:00" hostname="agent-env-93a00611-de23-452e-8202-b527291ae4d1"><testcase classname="backend.tests.test_broadcasts.TestBroadcastsPublicEndpoints" name="test_get_active_broadcasts" time="0.088" /><testcase classname="backend.tests.test_broadcasts.TestBroadcastsPublicEndpoints" name="test_get_active_broadcasts_with_type_filter" time="0.044" /><testcase classname="backend.tests.test_broadcasts.TestBroadcastsPublicEndpoints" name="test_get_active_broadcasts_with_blood_group_filter" time="0.038" /><testcase classname="backend.tests.test_broadcasts.TestBroadcastsPublicEndpoints" name="test_get_broadcast_stats" time="0.044" /><testcase classname="backend.tests.test_broadcasts.TestBroadcastsAuthenticated" name="test_get_my_broadcasts" time="0.302" /><testcase classname="backend.tests.test_broadcasts.TestBroadcastsAuthenticated" name="test_create_urgent_need_broadcast" time="0.344" /><testcase classname="backend.tests.test_broadcasts.TestBroadcastsAuthenticated" name="test_create_surplus_alert_broadcast" time="0.340" /><testcase classname="backend.tests.test_broadcasts.TestBroadcastsAuthenticated" name="test_create_broadcast_missing_required_fields" time="0.303" /><testcase classname="backend.tests.test_broadcasts.TestBroadcastsAuthenticated" name="test_get_single_broadcast" time="0.348" /><testcase classname="backend.tests.test_broadcasts.TestBroadcastsAuthenticated" name="test_get_nonexistent_broadcast" time="0.311" /><testcase classname="backend.tests.test_broadcasts.TestBroadcastResponses" name="test_respond_to_broadcast" time="0.593" /><testcase classname="backend.tests.test_broadcasts.TestBroadcastResponses" name="test_cannot_respond_to_own_broadcast" time="0.599" /><testcase classname="backend.tests.test_broadcasts.TestBroadcastManagement" name="test_close_broadcast_as_fulfilled" time="0.412" /><testcase classname="backend.tests.test_broadcasts.TestBroadcastManagement" name="test_delete_own_broadcast" time="0.376" /><testcase classname="backend.tests.test_broadcasts.TestBroadcastManagement" name="test_get_broadcast_responses" time="0.339" /><testcase classname="backend.tests.test_broadcasts.TestBroadcastValidation" name="test_create_broadcast_with_all_fields" time="0.337" /><testcase classname="backend.tests.test_broadcasts.TestBroadcastValidation" name="test_unauthenticated_create_fails" time="0.312" /><testcase classname="backend.tests.test_broadcasts.TestBroadcastValidation" name="test_unauthenticated_my_broadcasts_fails" time="0.595" /></testsuite></testsuites>