<?xml version="1.0" encoding="utf-8"?><testsuites name="pytest tests"><testsuite name="pytest" errors="0" failures="0" skipped="0" tests="16" time="1.232" timestamp="2026-02-09T04:25:29.412973+00:00" hostname="agent-env-4da9f5e7-2893-45e8-ad0a-d88f9c73c080"><testcase classname="backend.tests.test_bug_fixes_iteration15.TestTraceabilityBarcode" name="test_blood_units_have_barcode_data" time="0.350" /><testcase classname="backend.tests.test_bug_fixes_iteration15.TestTraceabilityBarcode" name="test_traceability_endpoint_returns_barcode" time="0.090" /><testcase classname="backend.tests.test_bug_fixes_iteration15.TestProcessingPage" name="test_blood_units_with_lab_status_exist" time="0.038" /><testcase classname="backend.tests.test_bug_fixes_iteration15.TestProcessingPage" name="test_create_component_from_lab_unit" time="0.086" /><testcase classname="backend.tests.test_bug_fixes_iteration15.TestProcessingPage" name="test_get_all_components" time="0.048" /><testcase classname="backend.tests.test_bug_fixes_iteration15.TestFindBloodRequests" name="test_internal_inventory_endpoint" time="0.047" /><testcase classname="backend.tests.test_bug_fixes_iteration15.TestFindBloodRequests" name="test_blood_link_search" time="0.042" /><testcase classname="backend.tests.test_bug_fixes_iteration15.TestFindBloodRequests" name="test_create_internal_request" time="0.081" /><testcase classname="backend.tests.test_bug_fixes_iteration15.TestFindBloodRequests" name="test_create_external_request" time="0.038" /><testcase classname="backend.tests.test_bug_fixes_iteration15.TestLaboratoryData" name="test_lab_tests_have_required_fields" time="0.040" /><testcase classname="backend.tests.test_bug_fixes_iteration15.TestLaboratoryData" name="test_blood_units_collected_for_testing" time="0.042" /><testcase classname="backend.tests.test_bug_fixes_iteration15.TestQCValidation" name="test_components_with_processing_status" time="0.040" /><testcase classname="backend.tests.test_bug_fixes_iteration15.TestQCValidation" name="test_qc_validation_records_exist" time="0.043" /><testcase classname="backend.tests.test_bug_fixes_iteration15.TestQCValidation" name="test_qc_validation_create" time="0.077" /><testcase classname="backend.tests.test_bug_fixes_iteration15.TestBloodUnitFields" name="test_blood_units_have_confirmed_blood_group" time="0.040" /><testcase classname="backend.tests.test_bug_fixes_iteration15.TestBloodUnitFields" name="test_blood_units_have_current_location" time="0.047" /></testsuite></testsuites>