<?xml version="1.0" encoding="utf-8"?><testsuites name="pytest tests"><testsuite name="pytest" errors="0" failures="0" skipped="0" tests="18" time="5.520" timestamp="2026-02-09T04:50:57.353663+00:00" hostname="agent-env-4da9f5e7-2893-45e8-ad0a-d88f9c73c080"><testcase classname="backend.tests.test_bug_fixes_iteration16.TestAuth" name="test_admin_login" time="0.302" /><testcase classname="backend.tests.test_bug_fixes_iteration16.TestFindBloodInternalInventory" name="test_by_blood_group_returns_total_whole_blood_components" time="0.313" /><testcase classname="backend.tests.test_bug_fixes_iteration16.TestFindBloodInternalInventory" name="test_inventory_has_data" time="0.318" /><testcase classname="backend.tests.test_bug_fixes_iteration16.TestPreLabQCBloodGroup" name="test_pending_units_have_blood_group" time="0.309" /><testcase classname="backend.tests.test_bug_fixes_iteration16.TestPreLabQCBloodGroup" name="test_pending_units_have_required_fields" time="0.310" /><testcase classname="backend.tests.test_bug_fixes_iteration16.TestQuarantineManagement" name="test_quarantine_items_have_unit_component_id" time="0.301" /><testcase classname="backend.tests.test_bug_fixes_iteration16.TestQuarantineManagement" name="test_quarantine_items_have_reason" time="0.295" /><testcase classname="backend.tests.test_bug_fixes_iteration16.TestQuarantineManagement" name="test_quarantine_items_have_unit_type" time="0.297" /><testcase classname="backend.tests.test_bug_fixes_iteration16.TestQuarantineManagement" name="test_quarantine_items_have_disposition" time="0.302" /><testcase classname="backend.tests.test_bug_fixes_iteration16.TestReturnsManagement" name="test_returns_have_source_field" time="0.299" /><testcase classname="backend.tests.test_bug_fixes_iteration16.TestReturnsManagement" name="test_returns_have_hospital_name_field" time="0.296" /><testcase classname="backend.tests.test_bug_fixes_iteration16.TestReturnsManagement" name="test_returns_have_reason_field" time="0.293" /><testcase classname="backend.tests.test_bug_fixes_iteration16.TestReturnsManagement" name="test_returns_have_qc_pass_field" time="0.306" /><testcase classname="backend.tests.test_bug_fixes_iteration16.TestReturnsManagement" name="test_returns_have_decision_field" time="0.298" /><testcase classname="backend.tests.test_bug_fixes_iteration16.TestReturnsManagement" name="test_returns_have_storage_location_field" time="0.301" /><testcase classname="backend.tests.test_bug_fixes_iteration16.TestDiscardsManagement" name="test_discards_have_reason_field" time="0.297" /><testcase classname="backend.tests.test_bug_fixes_iteration16.TestDiscardsManagement" name="test_discards_have_destruction_date_field" time="0.312" /><testcase classname="backend.tests.test_bug_fixes_iteration16.TestDiscardsManagement" name="test_discards_have_discard_date_field" time="0.298" /></testsuite></testsuites>