<?xml version="1.0" encoding="utf-8"?><testsuites name="pytest tests"><testsuite name="pytest" errors="0" failures="14" skipped="1" tests="16" time="1.212" timestamp="2026-02-09T04:23:29.275607+00:00" hostname="agent-env-4da9f5e7-2893-45e8-ad0a-d88f9c73c080"><testcase classname="backend.tests.test_bug_fixes_iteration15.TestTraceabilityBarcode" name="test_blood_units_have_barcode_data" time="0.352"><failure message="assert 401 == 200&#10; +  where 401 = &lt;Response [401]&gt;.status_code">backend/tests/test_bug_fixes_iteration15.py:62: in test_blood_units_have_barcode_data
    assert response.status_code == 200
E   assert 401 == 200
E    +  where 401 = &lt;Response [401]&gt;.status_code</failure></testcase><testcase classname="backend.tests.test_bug_fixes_iteration15.TestTraceabilityBarcode" name="test_traceability_endpoint_returns_barcode" time="0.041"><failure message="assert 401 == 200&#10; +  where 401 = &lt;Response [401]&gt;.status_code">backend/tests/test_bug_fixes_iteration15.py:80: in test_traceability_endpoint_returns_barcode
    assert response.status_code == 200
E   assert 401 == 200
E    +  where 401 = &lt;Response [401]&gt;.status_code</failure></testcase><testcase classname="backend.tests.test_bug_fixes_iteration15.TestProcessingPage" name="test_blood_units_with_lab_status_exist" time="0.037"><failure message="assert 401 == 200&#10; +  where 401 = &lt;Response [401]&gt;.status_code">backend/tests/test_bug_fixes_iteration15.py:103: in test_blood_units_with_lab_status_exist
    assert response.status_code == 200
E   assert 401 == 200
E    +  where 401 = &lt;Response [401]&gt;.status_code</failure></testcase><testcase classname="backend.tests.test_bug_fixes_iteration15.TestProcessingPage" name="test_create_component_from_lab_unit" time="0.041"><failure message="assert 401 == 200&#10; +  where 401 = &lt;Response [401]&gt;.status_code">backend/tests/test_bug_fixes_iteration15.py:117: in test_create_component_from_lab_unit
    assert response.status_code == 200
E   assert 401 == 200
E    +  where 401 = &lt;Response [401]&gt;.status_code</failure></testcase><testcase classname="backend.tests.test_bug_fixes_iteration15.TestProcessingPage" name="test_get_all_components" time="0.038"><failure message="assert 401 == 200&#10; +  where 401 = &lt;Response [401]&gt;.status_code">backend/tests/test_bug_fixes_iteration15.py:143: in test_get_all_components
    assert response.status_code == 200
E   assert 401 == 200
E    +  where 401 = &lt;Response [401]&gt;.status_code</failure></testcase><testcase classname="backend.tests.test_bug_fixes_iteration15.TestFindBloodRequests" name="test_internal_inventory_endpoint" time="0.039"><failure message="assert 401 == 200&#10; +  where 401 = &lt;Response [401]&gt;.status_code">backend/tests/test_bug_fixes_iteration15.py:155: in test_internal_inventory_endpoint
    assert response.status_code == 200
E   assert 401 == 200
E    +  where 401 = &lt;Response [401]&gt;.status_code</failure></testcase><testcase classname="backend.tests.test_bug_fixes_iteration15.TestFindBloodRequests" name="test_blood_link_search" time="0.040" /><testcase classname="backend.tests.test_bug_fixes_iteration15.TestFindBloodRequests" name="test_create_internal_request" time="0.042"><failure message="AssertionError: Failed to create internal request: {&quot;detail&quot;:&quot;Invalid token&quot;}&#10;assert 401 in [200, 201]&#10; +  where 401 = &lt;Response [401]&gt;.status_code">backend/tests/test_bug_fixes_iteration15.py:183: in test_create_internal_request
    assert response.status_code in [200, 201], f"Failed to create internal request: {response.text}"
E   AssertionError: Failed to create internal request: {"detail":"Invalid token"}
E   assert 401 in [200, 201]
E    +  where 401 = &lt;Response [401]&gt;.status_code</failure></testcase><testcase classname="backend.tests.test_bug_fixes_iteration15.TestFindBloodRequests" name="test_create_external_request" time="0.035"><failure message="AssertionError: Failed to create external request: {&quot;detail&quot;:&quot;Invalid token&quot;}&#10;assert 401 in [200, 201]&#10; +  where 401 = &lt;Response [401]&gt;.status_code">backend/tests/test_bug_fixes_iteration15.py:199: in test_create_external_request
    assert response.status_code in [200, 201], f"Failed to create external request: {response.text}"
E   AssertionError: Failed to create external request: {"detail":"Invalid token"}
E   assert 401 in [200, 201]
E    +  where 401 = &lt;Response [401]&gt;.status_code</failure></testcase><testcase classname="backend.tests.test_bug_fixes_iteration15.TestLaboratoryData" name="test_lab_tests_have_required_fields" time="0.038"><failure message="assert 401 == 200&#10; +  where 401 = &lt;Response [401]&gt;.status_code">backend/tests/test_bug_fixes_iteration15.py:208: in test_lab_tests_have_required_fields
    assert response.status_code == 200
E   assert 401 == 200
E    +  where 401 = &lt;Response [401]&gt;.status_code</failure></testcase><testcase classname="backend.tests.test_bug_fixes_iteration15.TestLaboratoryData" name="test_blood_units_collected_for_testing" time="0.038"><failure message="assert 401 == 200&#10; +  where 401 = &lt;Response [401]&gt;.status_code">backend/tests/test_bug_fixes_iteration15.py:236: in test_blood_units_collected_for_testing
    assert response.status_code == 200
E   assert 401 == 200
E    +  where 401 = &lt;Response [401]&gt;.status_code</failure></testcase><testcase classname="backend.tests.test_bug_fixes_iteration15.TestQCValidation" name="test_components_with_processing_status" time="0.044"><failure message="assert 401 == 200&#10; +  where 401 = &lt;Response [401]&gt;.status_code">backend/tests/test_bug_fixes_iteration15.py:248: in test_components_with_processing_status
    assert response.status_code == 200
E   assert 401 == 200
E    +  where 401 = &lt;Response [401]&gt;.status_code</failure></testcase><testcase classname="backend.tests.test_bug_fixes_iteration15.TestQCValidation" name="test_qc_validation_records_exist" time="0.036"><failure message="assert 401 == 200&#10; +  where 401 = &lt;Response [401]&gt;.status_code">backend/tests/test_bug_fixes_iteration15.py:256: in test_qc_validation_records_exist
    assert response.status_code == 200
E   assert 401 == 200
E    +  where 401 = &lt;Response [401]&gt;.status_code</failure></testcase><testcase classname="backend.tests.test_bug_fixes_iteration15.TestQCValidation" name="test_qc_validation_create" time="0.035"><skipped type="pytest.skip" message="No processing components available">/app/backend/tests/test_bug_fixes_iteration15.py:275: No processing components available</skipped></testcase><testcase classname="backend.tests.test_bug_fixes_iteration15.TestBloodUnitFields" name="test_blood_units_have_confirmed_blood_group" time="0.041"><failure message="assert 401 == 200&#10; +  where 401 = &lt;Response [401]&gt;.status_code">backend/tests/test_bug_fixes_iteration15.py:298: in test_blood_units_have_confirmed_blood_group
    assert response.status_code == 200
E   assert 401 == 200
E    +  where 401 = &lt;Response [401]&gt;.status_code</failure></testcase><testcase classname="backend.tests.test_bug_fixes_iteration15.TestBloodUnitFields" name="test_blood_units_have_current_location" time="0.038"><failure message="assert 401 == 200&#10; +  where 401 = &lt;Response [401]&gt;.status_code">backend/tests/test_bug_fixes_iteration15.py:307: in test_blood_units_have_current_location
    assert response.status_code == 200
E   assert 401 == 200
E    +  where 401 = &lt;Response [401]&gt;.status_code</failure></testcase></testsuite></testsuites>