<?xml version="1.0" encoding="utf-8"?><testsuites name="pytest tests"><testsuite name="pytest" errors="0" failures="2" skipped="0" tests="16" time="1.246" timestamp="2026-02-09T04:23:47.115080+00:00" hostname="agent-env-4da9f5e7-2893-45e8-ad0a-d88f9c73c080"><testcase classname="backend.tests.test_bug_fixes_iteration15.TestTraceabilityBarcode" name="test_blood_units_have_barcode_data" time="0.343" /><testcase classname="backend.tests.test_bug_fixes_iteration15.TestTraceabilityBarcode" name="test_traceability_endpoint_returns_barcode" time="0.093" /><testcase classname="backend.tests.test_bug_fixes_iteration15.TestProcessingPage" name="test_blood_units_with_lab_status_exist" time="0.053" /><testcase classname="backend.tests.test_bug_fixes_iteration15.TestProcessingPage" name="test_create_component_from_lab_unit" time="0.114"><failure message="AssertionError: Failed to create component: Internal Server Error&#10;assert 520 == 201&#10; +  where 520 = &lt;Response [520]&gt;.status_code">backend/tests/test_bug_fixes_iteration15.py:134: in test_create_component_from_lab_unit
    assert create_response.status_code == 201, f"Failed to create component: {create_response.text}"
E   AssertionError: Failed to create component: Internal Server Error
E   assert 520 == 201
E    +  where 520 = &lt;Response [520]&gt;.status_code</failure></testcase><testcase classname="backend.tests.test_bug_fixes_iteration15.TestProcessingPage" name="test_get_all_components" time="0.045" /><testcase classname="backend.tests.test_bug_fixes_iteration15.TestFindBloodRequests" name="test_internal_inventory_endpoint" time="0.042" /><testcase classname="backend.tests.test_bug_fixes_iteration15.TestFindBloodRequests" name="test_blood_link_search" time="0.039" /><testcase classname="backend.tests.test_bug_fixes_iteration15.TestFindBloodRequests" name="test_create_internal_request" time="0.040"><failure message="AssertionError: Failed to create internal request: {&quot;detail&quot;:&quot;Fulfilling organization is required for internal requests&quot;}&#10;assert 400 in [200, 201]&#10; +  where 400 = &lt;Response [400]&gt;.status_code">backend/tests/test_bug_fixes_iteration15.py:183: in test_create_internal_request
    assert response.status_code in [200, 201], f"Failed to create internal request: {response.text}"
E   AssertionError: Failed to create internal request: {"detail":"Fulfilling organization is required for internal requests"}
E   assert 400 in [200, 201]
E    +  where 400 = &lt;Response [400]&gt;.status_code</failure></testcase><testcase classname="backend.tests.test_bug_fixes_iteration15.TestFindBloodRequests" name="test_create_external_request" time="0.045" /><testcase classname="backend.tests.test_bug_fixes_iteration15.TestLaboratoryData" name="test_lab_tests_have_required_fields" time="0.041" /><testcase classname="backend.tests.test_bug_fixes_iteration15.TestLaboratoryData" name="test_blood_units_collected_for_testing" time="0.042" /><testcase classname="backend.tests.test_bug_fixes_iteration15.TestQCValidation" name="test_components_with_processing_status" time="0.040" /><testcase classname="backend.tests.test_bug_fixes_iteration15.TestQCValidation" name="test_qc_validation_records_exist" time="0.041" /><testcase classname="backend.tests.test_bug_fixes_iteration15.TestQCValidation" name="test_qc_validation_create" time="0.078" /><testcase classname="backend.tests.test_bug_fixes_iteration15.TestBloodUnitFields" name="test_blood_units_have_confirmed_blood_group" time="0.039" /><testcase classname="backend.tests.test_bug_fixes_iteration15.TestBloodUnitFields" name="test_blood_units_have_current_location" time="0.046" /></testsuite></testsuites>