<?xml version="1.0" encoding="utf-8"?><testsuites name="pytest tests"><testsuite name="pytest" errors="0" failures="1" skipped="0" tests="16" time="1.242" timestamp="2026-02-09T04:25:14.794697+00:00" hostname="agent-env-4da9f5e7-2893-45e8-ad0a-d88f9c73c080"><testcase classname="backend.tests.test_bug_fixes_iteration15.TestTraceabilityBarcode" name="test_blood_units_have_barcode_data" time="0.336" /><testcase classname="backend.tests.test_bug_fixes_iteration15.TestTraceabilityBarcode" name="test_traceability_endpoint_returns_barcode" time="0.091" /><testcase classname="backend.tests.test_bug_fixes_iteration15.TestProcessingPage" name="test_blood_units_with_lab_status_exist" time="0.044" /><testcase classname="backend.tests.test_bug_fixes_iteration15.TestProcessingPage" name="test_create_component_from_lab_unit" time="0.087"><failure message="AssertionError: Component should inherit blood group&#10;assert None&#10; +  where None = &lt;built-in method get of dict object at 0xfafbe887af40&gt;('blood_group')&#10; +    where &lt;built-in method get of dict object at 0xfafbe887af40&gt; = {'component_id': 'COMP-2026-000077', 'id': '85de620e-04c0-489e-9a30-fd990e5700e6', 'status': 'success'}.get">backend/tests/test_bug_fixes_iteration15.py:138: in test_create_component_from_lab_unit
    assert created.get("blood_group"), "Component should inherit blood group"
E   AssertionError: Component should inherit blood group
E   assert None
E    +  where None = &lt;built-in method get of dict object at 0xfafbe887af40&gt;('blood_group')
E    +    where &lt;built-in method get of dict object at 0xfafbe887af40&gt; = {'component_id': 'COMP-2026-000077', 'id': '85de620e-04c0-489e-9a30-fd990e5700e6', 'status': 'success'}.get</failure></testcase><testcase classname="backend.tests.test_bug_fixes_iteration15.TestProcessingPage" name="test_get_all_components" time="0.052" /><testcase classname="backend.tests.test_bug_fixes_iteration15.TestFindBloodRequests" name="test_internal_inventory_endpoint" time="0.043" /><testcase classname="backend.tests.test_bug_fixes_iteration15.TestFindBloodRequests" name="test_blood_link_search" time="0.037" /><testcase classname="backend.tests.test_bug_fixes_iteration15.TestFindBloodRequests" name="test_create_internal_request" time="0.083" /><testcase classname="backend.tests.test_bug_fixes_iteration15.TestFindBloodRequests" name="test_create_external_request" time="0.037" /><testcase classname="backend.tests.test_bug_fixes_iteration15.TestLaboratoryData" name="test_lab_tests_have_required_fields" time="0.043" /><testcase classname="backend.tests.test_bug_fixes_iteration15.TestLaboratoryData" name="test_blood_units_collected_for_testing" time="0.041" /><testcase classname="backend.tests.test_bug_fixes_iteration15.TestQCValidation" name="test_components_with_processing_status" time="0.043" /><testcase classname="backend.tests.test_bug_fixes_iteration15.TestQCValidation" name="test_qc_validation_records_exist" time="0.037" /><testcase classname="backend.tests.test_bug_fixes_iteration15.TestQCValidation" name="test_qc_validation_create" time="0.079" /><testcase classname="backend.tests.test_bug_fixes_iteration15.TestBloodUnitFields" name="test_blood_units_have_confirmed_blood_group" time="0.042" /><testcase classname="backend.tests.test_bug_fixes_iteration15.TestBloodUnitFields" name="test_blood_units_have_current_location" time="0.047" /></testsuite></testsuites>