<?xml version="1.0" encoding="utf-8"?><testsuites name="pytest tests"><testsuite name="pytest" errors="0" failures="0" skipped="0" tests="12" time="2.900" timestamp="2026-02-07T02:02:24.919885+00:00" hostname="agent-env-49f45ad2-bce6-4f0d-ab09-2fb4ca39ce9e"><testcase classname="tests.test_demo_data.TestDemoDataVerification" name="test_dashboard_stats" time="0.321" /><testcase classname="tests.test_demo_data.TestDemoDataVerification" name="test_donors_list" time="0.316" /><testcase classname="tests.test_demo_data.TestDemoDataVerification" name="test_donors_with_status" time="0.297" /><testcase classname="tests.test_demo_data.TestDemoDataVerification" name="test_inventory_by_blood_group" time="0.308" /><testcase classname="tests.test_demo_data.TestDemoDataVerification" name="test_blood_requests_list" time="0.301" /><testcase classname="tests.test_demo_data.TestDemoDataVerification" name="test_requestors_list" time="0.295" /><testcase classname="tests.test_demo_data.TestDemoDataVerification" name="test_broadcasts_list" time="0.296" /><testcase classname="tests.test_demo_data.TestDemoDataVerification" name="test_donations_list" time="0.298" /><testcase classname="tests.test_demo_data.TestDemoDataVerification" name="test_components_list" time="0.293" /><testcase classname="tests.test_demo_data.TestDonorPortalRequestorButton" name="test_donor_landing_page_loads" time="0.036" /><testcase classname="tests.test_demo_data.TestDonorPortalRequestorButton" name="test_requestor_register_page_loads" time="0.033" /><testcase classname="tests.test_demo_data.TestRequestorRegistrationAPI" name="test_requestor_registration_endpoint" time="0.042" /></testsuite></testsuites>