<?xml version="1.0" encoding="utf-8"?><testsuites name="pytest tests"><testsuite name="pytest" errors="0" failures="1" skipped="0" tests="12" time="2.917" timestamp="2026-02-07T02:01:59.613947+00:00" hostname="agent-env-49f45ad2-bce6-4f0d-ab09-2fb4ca39ce9e"><testcase classname="tests.test_demo_data.TestDemoDataVerification" name="test_dashboard_stats" time="0.324" /><testcase classname="tests.test_demo_data.TestDemoDataVerification" name="test_donors_list" time="0.298" /><testcase classname="tests.test_demo_data.TestDemoDataVerification" name="test_donors_with_status" time="0.307" /><testcase classname="tests.test_demo_data.TestDemoDataVerification" name="test_inventory_by_blood_group" time="0.307" /><testcase classname="tests.test_demo_data.TestDemoDataVerification" name="test_blood_requests_list" time="0.290"><failure message="assert 405 == 200&#10; +  where 405 = &lt;Response [405]&gt;.status_code">tests/test_demo_data.py:75: in test_blood_requests_list
    assert response.status_code == 200
E   assert 405 == 200
E    +  where 405 = &lt;Response [405]&gt;.status_code</failure></testcase><testcase classname="tests.test_demo_data.TestDemoDataVerification" name="test_requestors_list" time="0.303" /><testcase classname="tests.test_demo_data.TestDemoDataVerification" name="test_broadcasts_list" time="0.295" /><testcase classname="tests.test_demo_data.TestDemoDataVerification" name="test_donations_list" time="0.305" /><testcase classname="tests.test_demo_data.TestDemoDataVerification" name="test_components_list" time="0.296" /><testcase classname="tests.test_demo_data.TestDonorPortalRequestorButton" name="test_donor_landing_page_loads" time="0.034" /><testcase classname="tests.test_demo_data.TestDonorPortalRequestorButton" name="test_requestor_register_page_loads" time="0.039" /><testcase classname="tests.test_demo_data.TestRequestorRegistrationAPI" name="test_requestor_registration_endpoint" time="0.040" /></testsuite></testsuites>