<?xml version="1.0" encoding="utf-8"?><testsuites name="pytest tests"><testsuite name="pytest" errors="0" failures="1" skipped="0" tests="9" time="2.784" timestamp="2026-01-28T07:15:11.644722+00:00" hostname="agent-env-93a00611-de23-452e-8202-b527291ae4d1"><testcase classname="backend.tests.test_find_blood_features.TestOrganizationsCurrentEndpoint" name="test_get_current_organization" time="0.368" /><testcase classname="backend.tests.test_find_blood_features.TestOrganizationsCurrentEndpoint" name="test_current_org_has_address_fields" time="0.302" /><testcase classname="backend.tests.test_find_blood_features.TestInventoryByBloodGroup" name="test_get_inventory_by_blood_group" time="0.303" /><testcase classname="backend.tests.test_find_blood_features.TestBloodLinkSearch" name="test_blood_link_search" time="0.299" /><testcase classname="backend.tests.test_find_blood_features.TestBloodLinkSearch" name="test_blood_link_search_with_blood_group_filter" time="0.298" /><testcase classname="backend.tests.test_find_blood_features.TestBloodRequestCreation" name="test_create_internal_blood_request" time="0.304"><failure message="AssertionError: Failed: {&quot;detail&quot;:[{&quot;type&quot;:&quot;missing&quot;,&quot;loc&quot;:[&quot;body&quot;,&quot;requester_name&quot;],&quot;msg&quot;:&quot;Field required&quot;,&quot;input&quot;:{&quot;blood_group&quot;:&quot;A+&quot;,&quot;component_type&quot;:&quot;whole_blood&quot;,&quot;units_required&quot;:2,&quot;urgency&quot;:&quot;normal&quot;,&quot;patient_name&quot;:&quot;TEST_FindBlood_Patient&quot;,&quot;diagnosis&quot;:&quot;Surgery&quot;,&quot;required_by_date&quot;:&quot;2026-01-31&quot;,&quot;notes&quot;:&quot;Test internal request&quot;,&quot;request_type&quot;:&quot;internal&quot;,&quot;requesting_org_id&quot;:&quot;fa3ab753-c2e4-4421-acc1-663dace6a8b8&quot;,&quot;requesting_org_name&quot;:&quot;Test Organization&quot;},&quot;url&quot;:&quot;https://errors.pydantic.dev/2.5/v/missing&quot;},{&quot;type&quot;:&quot;missing&quot;,&quot;loc&quot;:[&quot;body&quot;,&quot;requester_contact&quot;],&quot;msg&quot;:&quot;Field required&quot;,&quot;input&quot;:{&quot;blood_group&quot;:&quot;A+&quot;,&quot;component_type&quot;:&quot;whole_blood&quot;,&quot;units_required&quot;:2,&quot;urgency&quot;:&quot;normal&quot;,&quot;patient_name&quot;:&quot;TEST_FindBlood_Patient&quot;,&quot;diagnosis&quot;:&quot;Surgery&quot;,&quot;required_by_date&quot;:&quot;2026-01-31&quot;,&quot;notes&quot;:&quot;Test internal request&quot;,&quot;request_type&quot;:&quot;internal&quot;,&quot;requesting_org_id&quot;:&quot;fa3ab753-c2e4-4421-acc1-663dace6a8b8&quot;,&quot;requesting_org_name&quot;:&quot;Test Organization&quot;},&quot;url&quot;:&quot;https://errors.pydantic.dev/2.5/v/missing&quot;},{&quot;type&quot;:&quot;missing&quot;,&quot;loc&quot;:[&quot;body&quot;,&quot;product_type&quot;],&quot;msg&quot;:&quot;Field required&quot;,&quot;input&quot;:{&quot;blood_group&quot;:&quot;A+&quot;,&quot;component_type&quot;:&quot;whole_blood&quot;,&quot;units_required&quot;:2,&quot;urgency&quot;:&quot;normal&quot;,&quot;patient_name&quot;:&quot;TEST_FindBlood_Patient&quot;,&quot;diagnosis&quot;:&quot;Surgery&quot;,&quot;required_by_date&quot;:&quot;2026-01-31&quot;,&quot;notes&quot;:&quot;Test internal request&quot;,&quot;request_type&quot;:&quot;internal&quot;,&quot;requesting_org_id&quot;:&quot;fa3ab753-c2e4-4421-acc1-663dace6a8b8&quot;,&quot;requesting_org_name&quot;:&quot;Test Organization&quot;},&quot;url&quot;:&quot;https://errors.pydantic.dev/2.5/v/missing&quot;},{&quot;type&quot;:&quot;missing&quot;,&quot;loc&quot;:[&quot;body&quot;,&quot;quantity&quot;],&quot;msg&quot;:&quot;Field required&quot;,&quot;input&quot;:{&quot;blood_group&quot;:&quot;A+&quot;,&quot;component_type&quot;:&quot;whole_blood&quot;,&quot;units_required&quot;:2,&quot;urgency&quot;:&quot;normal&quot;,&quot;patient_name&quot;:&quot;TEST_FindBlood_Patient&quot;,&quot;diagnosis&quot;:&quot;Surgery&quot;,&quot;required_by_date&quot;:&quot;2026-01-31&quot;,&quot;notes&quot;:&quot;Test internal request&quot;,&quot;request_type&quot;:&quot;internal&quot;,&quot;requesting_org_id&quot;:&quot;fa3ab753-c2e4-4421-acc1-663dace6a8b8&quot;,&quot;requesting_org_name&quot;:&quot;Test Organization&quot;},&quot;url&quot;:&quot;https://errors.pydantic.dev/2.5/v/missing&quot;},{&quot;type&quot;:&quot;missing&quot;,&quot;loc&quot;:[&quot;body&quot;,&quot;requested_date&quot;],&quot;msg&quot;:&quot;Field required&quot;,&quot;input&quot;:{&quot;blood_group&quot;:&quot;A+&quot;,&quot;component_type&quot;:&quot;whole_blood&quot;,&quot;units_required&quot;:2,&quot;urgency&quot;:&quot;normal&quot;,&quot;patient_name&quot;:&quot;TEST_FindBlood_Patient&quot;,&quot;diagnosis&quot;:&quot;Surgery&quot;,&quot;required_by_date&quot;:&quot;2026-01-31&quot;,&quot;notes&quot;:&quot;Test internal request&quot;,&quot;request_type&quot;:&quot;internal&quot;,&quot;requesting_org_id&quot;:&quot;fa3ab753-c2e4-4421-acc1-663dace6a8b8&quot;,&quot;requesting_org_name&quot;:&quot;Test Organization&quot;},&quot;url&quot;:&quot;https://errors.pydantic.dev/2.5/v/missing&quot;}]}&#10;assert 422 in [200, 201]&#10; +  where 422 = &lt;Response [422]&gt;.status_code">backend/tests/test_find_blood_features.py:170: in test_create_internal_blood_request
    assert response.status_code in [200, 201], f"Failed: {response.text}"
E   AssertionError: Failed: {"detail":[{"type":"missing","loc":["body","requester_name"],"msg":"Field required","input":{"blood_group":"A+","component_type":"whole_blood","units_required":2,"urgency":"normal","patient_name":"TEST_FindBlood_Patient","diagnosis":"Surgery","required_by_date":"2026-01-31","notes":"Test internal request","request_type":"internal","requesting_org_id":"fa3ab753-c2e4-4421-acc1-663dace6a8b8","requesting_org_name":"Test Organization"},"url":"https://errors.pydantic.dev/2.5/v/missing"},{"type":"missing","loc":["body","requester_contact"],"msg":"Field required","input":{"blood_group":"A+","component_type":"whole_blood","units_required":2,"urgency":"normal","patient_name":"TEST_FindBlood_Patient","diagnosis":"Surgery","required_by_date":"2026-01-31","notes":"Test internal request","request_type":"internal","requesting_org_id":"fa3ab753-c2e4-4421-acc1-663dace6a8b8","requesting_org_name":"Test Organization"},"url":"https://errors.pydantic.dev/2.5/v/missing"},{"type":"missing","loc":["body","product_type"],"msg":"Field required","input":{"blood_group":"A+","component_type":"whole_blood","units_required":2,"urgency":"normal","patient_name":"TEST_FindBlood_Patient","diagnosis":"Surgery","required_by_date":"2026-01-31","notes":"Test internal request","request_type":"internal","requesting_org_id":"fa3ab753-c2e4-4421-acc1-663dace6a8b8","requesting_org_name":"Test Organization"},"url":"https://errors.pydantic.dev/2.5/v/missing"},{"type":"missing","loc":["body","quantity"],"msg":"Field required","input":{"blood_group":"A+","component_type":"whole_blood","units_required":2,"urgency":"normal","patient_name":"TEST_FindBlood_Patient","diagnosis":"Surgery","required_by_date":"2026-01-31","notes":"Test internal request","request_type":"internal","requesting_org_id":"fa3ab753-c2e4-4421-acc1-663dace6a8b8","requesting_org_name":"Test Organization"},"url":"https://errors.pydantic.dev/2.5/v/missing"},{"type":"missing","loc":["body","requested_date"],"msg":"Field required","input":{"blood_group":"A+","component_type":"whole_blood","units_required":2,"urgency":"normal","patient_name":"TEST_FindBlood_Patient","diagnosis":"Surgery","required_by_date":"2026-01-31","notes":"Test internal request","request_type":"internal","requesting_org_id":"fa3ab753-c2e4-4421-acc1-663dace6a8b8","requesting_org_name":"Test Organization"},"url":"https://errors.pydantic.dev/2.5/v/missing"}]}
E   assert 422 in [200, 201]
E    +  where 422 = &lt;Response [422]&gt;.status_code</failure></testcase><testcase classname="backend.tests.test_find_blood_features.TestBloodRequestStaffRole" name="test_role_exists_in_database" time="0.000" /><testcase classname="backend.tests.test_find_blood_features.TestDonorLocationFields" name="test_donor_registration_accepts_location" time="0.418" /><testcase classname="backend.tests.test_find_blood_features.TestOrganizationLocationFields" name="test_organization_has_location_fields" time="0.305" /></testsuite></testsuites>