<?xml version="1.0" encoding="utf-8"?><testsuites name="pytest tests"><testsuite name="pytest" errors="0" failures="0" skipped="0" tests="12" time="4.091" timestamp="2026-01-28T09:46:55.837171+00:00" hostname="agent-env-49f45ad2-bce6-4f0d-ab09-2fb4ca39ce9e"><testcase classname="backend.tests.test_inter_org_requests.TestInterOrgRequestsAPI" name="test_org_admin_login" time="0.290" /><testcase classname="backend.tests.test_inter_org_requests.TestInterOrgRequestsAPI" name="test_system_admin_login" time="0.258" /><testcase classname="backend.tests.test_inter_org_requests.TestInterOrgRequestsAPI" name="test_get_current_organization" time="0.271" /><testcase classname="backend.tests.test_inter_org_requests.TestInterOrgRequestsAPI" name="test_update_organization_location" time="0.288" /><testcase classname="backend.tests.test_inter_org_requests.TestInterOrgRequestsAPI" name="test_create_inter_org_request" time="0.505" /><testcase classname="backend.tests.test_inter_org_requests.TestInterOrgRequestsAPI" name="test_get_outgoing_requests" time="0.268" /><testcase classname="backend.tests.test_inter_org_requests.TestInterOrgRequestsAPI" name="test_get_incoming_requests" time="0.274" /><testcase classname="backend.tests.test_inter_org_requests.TestInterOrgRequestsAPI" name="test_get_dashboard_stats" time="0.275" /><testcase classname="backend.tests.test_inter_org_requests.TestInterOrgRequestsAPI" name="test_request_appears_in_outgoing_after_creation" time="0.515" /><testcase classname="backend.tests.test_inter_org_requests.TestInterOrgRequestsAPI" name="test_cancel_request" time="0.504" /><testcase classname="backend.tests.test_inter_org_requests.TestOrganizationLocationAPI" name="test_organization_has_location_fields" time="0.274" /><testcase classname="backend.tests.test_inter_org_requests.TestOrganizationLocationAPI" name="test_update_location_persists" time="0.298" /></testsuite></testsuites>