<?xml version="1.0" encoding="utf-8"?><testsuites name="pytest tests"><testsuite name="pytest" errors="0" failures="0" skipped="0" tests="19" time="1.896" timestamp="2026-02-08T13:07:29.643883+00:00" hostname="agent-env-4da9f5e7-2893-45e8-ad0a-d88f9c73c080"><testcase classname="backend.tests.test_lab_qc_features.TestLabTechDashboard" name="test_lab_tech_login" time="0.301" /><testcase classname="backend.tests.test_lab_qc_features.TestLabTechDashboard" name="test_lab_tech_dashboard_stats" time="0.300" /><testcase classname="backend.tests.test_lab_qc_features.TestLabTechDashboard" name="test_lab_tech_inventory_by_blood_group" time="0.048" /><testcase classname="backend.tests.test_lab_qc_features.TestLabTechDashboard" name="test_lab_tech_permissions" time="0.036" /><testcase classname="backend.tests.test_lab_qc_features.TestLaboratoryPage" name="test_lab_tests_api_returns_data" time="0.036" /><testcase classname="backend.tests.test_lab_qc_features.TestLaboratoryPage" name="test_lab_tests_have_serology_fields" time="0.037" /><testcase classname="backend.tests.test_lab_qc_features.TestLaboratoryPage" name="test_blood_units_collected_status" time="0.040" /><testcase classname="backend.tests.test_lab_qc_features.TestQCValidationPage" name="test_qc_validation_api_requires_permission" time="0.036" /><testcase classname="backend.tests.test_lab_qc_features.TestQCValidationPage" name="test_qc_validation_api_admin_access" time="0.296" /><testcase classname="backend.tests.test_lab_qc_features.TestQCValidationPage" name="test_qc_validation_history_has_required_fields" time="0.038" /><testcase classname="backend.tests.test_lab_qc_features.TestQCValidationPage" name="test_components_processing_status" time="0.038" /><testcase classname="backend.tests.test_lab_qc_features.TestQCValidationPage" name="test_quarantine_api_access" time="0.034" /><testcase classname="backend.tests.test_lab_qc_features.TestAdminFullAccess" name="test_admin_login" time="0.257" /><testcase classname="backend.tests.test_lab_qc_features.TestAdminFullAccess" name="test_admin_dashboard_stats" time="0.041" /><testcase classname="backend.tests.test_lab_qc_features.TestAdminFullAccess" name="test_admin_inventory_by_blood_group" time="0.042" /><testcase classname="backend.tests.test_lab_qc_features.TestAdminFullAccess" name="test_admin_lab_tests" time="0.039" /><testcase classname="backend.tests.test_lab_qc_features.TestAdminFullAccess" name="test_admin_qc_validation" time="0.037" /><testcase classname="backend.tests.test_lab_qc_features.TestAdminFullAccess" name="test_admin_components" time="0.048" /><testcase classname="backend.tests.test_lab_qc_features.TestAdminFullAccess" name="test_admin_quarantine" time="0.034" /></testsuite></testsuites>