<?xml version="1.0" encoding="utf-8"?><testsuites name="pytest tests"><testsuite name="pytest" errors="0" failures="0" skipped="0" tests="35" time="8.919" timestamp="2026-01-27T11:12:57.279034+00:00" hostname="agent-env-a3b9c2d5-efb6-453a-bc40-d523bc291c1f"><testcase classname="backend.tests.test_permission_enforcement.TestAdminFullAccess" name="test_admin_can_access_donors" time="0.334" /><testcase classname="backend.tests.test_permission_enforcement.TestAdminFullAccess" name="test_admin_can_access_inventory_summary" time="0.285" /><testcase classname="backend.tests.test_permission_enforcement.TestAdminFullAccess" name="test_admin_can_access_lab_tests" time="0.279" /><testcase classname="backend.tests.test_permission_enforcement.TestAdminFullAccess" name="test_admin_can_access_screenings" time="0.270" /><testcase classname="backend.tests.test_permission_enforcement.TestAdminFullAccess" name="test_admin_can_access_requests" time="0.272" /><testcase classname="backend.tests.test_permission_enforcement.TestSystemAdminBypass" name="test_system_admin_bypasses_donors" time="0.269" /><testcase classname="backend.tests.test_permission_enforcement.TestSystemAdminBypass" name="test_system_admin_bypasses_inventory" time="0.271" /><testcase classname="backend.tests.test_permission_enforcement.TestSystemAdminBypass" name="test_system_admin_bypasses_lab_tests" time="0.267" /><testcase classname="backend.tests.test_permission_enforcement.TestSystemAdminBypass" name="test_system_admin_bypasses_screenings" time="0.264" /><testcase classname="backend.tests.test_permission_enforcement.TestSystemAdminBypass" name="test_system_admin_bypasses_requests" time="0.267" /><testcase classname="backend.tests.test_permission_enforcement.TestLabTechPermissions" name="test_lab_tech_can_access_lab_tests" time="0.265" /><testcase classname="backend.tests.test_permission_enforcement.TestLabTechPermissions" name="test_lab_tech_cannot_access_inventory" time="0.263" /><testcase classname="backend.tests.test_permission_enforcement.TestLabTechPermissions" name="test_lab_tech_can_view_donors" time="0.270" /><testcase classname="backend.tests.test_permission_enforcement.TestLabTechPermissions" name="test_lab_tech_cannot_access_screenings" time="0.271" /><testcase classname="backend.tests.test_permission_enforcement.TestLabTechPermissions" name="test_lab_tech_cannot_access_requests" time="0.273" /><testcase classname="backend.tests.test_permission_enforcement.TestRegistrationStaffPermissions" name="test_registration_can_access_donors" time="0.265" /><testcase classname="backend.tests.test_permission_enforcement.TestRegistrationStaffPermissions" name="test_registration_can_access_screenings" time="0.271" /><testcase classname="backend.tests.test_permission_enforcement.TestRegistrationStaffPermissions" name="test_registration_cannot_access_lab_tests" time="0.271" /><testcase classname="backend.tests.test_permission_enforcement.TestRegistrationStaffPermissions" name="test_registration_cannot_access_inventory" time="0.271" /><testcase classname="backend.tests.test_permission_enforcement.TestRegistrationStaffPermissions" name="test_registration_cannot_access_requests" time="0.295" /><testcase classname="backend.tests.test_permission_enforcement.TestInventoryManagerPermissions" name="test_inventory_can_access_inventory_summary" time="0.265" /><testcase classname="backend.tests.test_permission_enforcement.TestInventoryManagerPermissions" name="test_inventory_can_access_inventory_by_blood_group" time="0.274" /><testcase classname="backend.tests.test_permission_enforcement.TestInventoryManagerPermissions" name="test_inventory_can_access_inventory_expiring" time="0.269" /><testcase classname="backend.tests.test_permission_enforcement.TestInventoryManagerPermissions" name="test_inventory_can_access_requests" time="0.265" /><testcase classname="backend.tests.test_permission_enforcement.TestInventoryManagerPermissions" name="test_inventory_cannot_access_donors" time="0.268" /><testcase classname="backend.tests.test_permission_enforcement.TestInventoryManagerPermissions" name="test_inventory_cannot_access_lab_tests" time="0.265" /><testcase classname="backend.tests.test_permission_enforcement.TestInventoryManagerPermissions" name="test_inventory_cannot_access_screenings" time="0.268" /><testcase classname="backend.tests.test_permission_enforcement.TestCustomRolePermissions" name="test_create_custom_role_with_donors_only" time="0.277" /><testcase classname="backend.tests.test_permission_enforcement.TestRolesAPIStillWorking" name="test_get_roles_list" time="0.266" /><testcase classname="backend.tests.test_permission_enforcement.TestRolesAPIStillWorking" name="test_get_available_modules" time="0.265" /><testcase classname="backend.tests.test_permission_enforcement.TestRolesAPIStillWorking" name="test_get_my_permissions" time="0.267" /><testcase classname="backend.tests.test_permission_enforcement.TestRolesAPIStillWorking" name="test_create_update_delete_role" time="0.286" /><testcase classname="backend.tests.test_permission_enforcement.TestUnauthenticatedAccess" name="test_unauthenticated_blocked_from_donors" time="0.034" /><testcase classname="backend.tests.test_permission_enforcement.TestUnauthenticatedAccess" name="test_unauthenticated_blocked_from_inventory" time="0.032" /><testcase classname="backend.tests.test_permission_enforcement.TestUnauthenticatedAccess" name="test_unauthenticated_blocked_from_lab_tests" time="0.035" /></testsuite></testsuites>