<?xml version="1.0" encoding="utf-8"?><testsuites name="pytest tests"><testsuite name="pytest" errors="0" failures="0" skipped="0" tests="18" time="7.175" timestamp="2026-01-07T09:58:36.367286+00:00" hostname="agent-env-1b9353d5-e542-4cf8-9ec0-6603b2f49cee"><testcase classname="tests.test_phase_g_compliance_training.TestComplianceRequirements" name="test_get_compliance_requirements" time="0.349" /><testcase classname="tests.test_phase_g_compliance_training.TestComplianceRequirements" name="test_get_requirements_filter_by_category" time="0.303" /><testcase classname="tests.test_phase_g_compliance_training.TestComplianceRequirements" name="test_get_requirements_mandatory_only" time="0.303" /><testcase classname="tests.test_phase_g_compliance_training.TestComplianceRequirements" name="test_seed_defaults_idempotent" time="0.307" /><testcase classname="tests.test_phase_g_compliance_training.TestOrganizationCompliance" name="test_get_organization_compliance" time="0.348" /><testcase classname="tests.test_phase_g_compliance_training.TestOrganizationCompliance" name="test_get_compliance_summary" time="0.354" /><testcase classname="tests.test_phase_g_compliance_training.TestOrganizationCompliance" name="test_update_compliance_status" time="0.399" /><testcase classname="tests.test_phase_g_compliance_training.TestOrganizationCompliance" name="test_unauthorized_org_access" time="0.602" /><testcase classname="tests.test_phase_g_compliance_training.TestTrainingCourses" name="test_get_training_courses" time="0.301" /><testcase classname="tests.test_phase_g_compliance_training.TestTrainingCourses" name="test_get_courses_filter_by_category" time="0.299" /><testcase classname="tests.test_phase_g_compliance_training.TestTrainingCourses" name="test_get_courses_mandatory_only" time="0.341" /><testcase classname="tests.test_phase_g_compliance_training.TestTrainingCourses" name="test_seed_defaults_idempotent" time="0.338" /><testcase classname="tests.test_phase_g_compliance_training.TestTrainingRecords" name="test_get_organization_training_records" time="0.374" /><testcase classname="tests.test_phase_g_compliance_training.TestTrainingRecords" name="test_get_training_summary" time="0.419" /><testcase classname="tests.test_phase_g_compliance_training.TestTrainingRecords" name="test_assign_training_workflow" time="0.677" /><testcase classname="tests.test_phase_g_compliance_training.TestTrainingRecords" name="test_assign_duplicate_training_fails" time="0.479" /><testcase classname="tests.test_phase_g_compliance_training.TestTrainingRecords" name="test_complete_training_below_passing_score_fails" time="0.531" /><testcase classname="tests.test_phase_g_compliance_training.TestComplianceDocumentLinking" name="test_link_document_requires_valid_document" time="0.348" /></testsuite></testsuites>