<?xml version="1.0" encoding="utf-8"?><testsuites name="pytest tests"><testsuite name="pytest" errors="0" failures="0" skipped="0" tests="13" time="4.056" timestamp="2026-01-07T09:27:25.458948+00:00" hostname="agent-env-1b9353d5-e542-4cf8-9ec0-6603b2f49cee"><testcase classname="tests.test_phase_f_documents.TestDocumentManagement" name="test_01_system_admin_login" time="0.294" /><testcase classname="tests.test_phase_f_documents.TestDocumentManagement" name="test_02_super_admin_login" time="0.259" /><testcase classname="tests.test_phase_f_documents.TestDocumentManagement" name="test_03_get_document_stats_empty" time="0.275" /><testcase classname="tests.test_phase_f_documents.TestDocumentManagement" name="test_04_get_documents_list" time="0.311" /><testcase classname="tests.test_phase_f_documents.TestDocumentManagement" name="test_05_upload_document_success" time="0.323" /><testcase classname="tests.test_phase_f_documents.TestDocumentManagement" name="test_06_upload_document_missing_title" time="0.307" /><testcase classname="tests.test_phase_f_documents.TestDocumentManagement" name="test_07_upload_document_invalid_extension" time="0.303" /><testcase classname="tests.test_phase_f_documents.TestDocumentManagement" name="test_08_get_single_document" time="0.377" /><testcase classname="tests.test_phase_f_documents.TestDocumentManagement" name="test_09_download_document" time="0.334" /><testcase classname="tests.test_phase_f_documents.TestDocumentManagement" name="test_10_verify_document" time="0.463" /><testcase classname="tests.test_phase_f_documents.TestDocumentManagement" name="test_11_delete_document" time="0.321" /><testcase classname="tests.test_phase_f_documents.TestDocumentManagement" name="test_12_unauthorized_access_denied" time="0.045" /><testcase classname="tests.test_phase_f_documents.TestDocumentManagement" name="test_13_stats_after_operations" time="0.373" /></testsuite></testsuites>