<?xml version="1.0" encoding="utf-8"?><testsuites name="pytest tests"><testsuite name="pytest" errors="0" failures="0" skipped="3" tests="36" time="2.936" timestamp="2026-01-24T05:58:14.767555+00:00" hostname="agent-env-1ccc3ea3-7e14-4b06-8bdc-557d8575e174"><testcase classname="tests.test_blood_link_e2e.TestHealthCheck" name="test_api_health" time="0.319" /><testcase classname="tests.test_blood_link_e2e.TestAuthentication" name="test_org_admin_login" time="0.261" /><testcase classname="tests.test_blood_link_e2e.TestAuthentication" name="test_system_admin_login" time="0.261" /><testcase classname="tests.test_blood_link_e2e.TestAuthentication" name="test_invalid_login" time="0.040" /><testcase classname="tests.test_blood_link_e2e.TestAuthentication" name="test_get_current_user" time="0.043" /><testcase classname="tests.test_blood_link_e2e.TestDonorManagement" name="test_create_donor" time="0.047" /><testcase classname="tests.test_blood_link_e2e.TestDonorManagement" name="test_get_donors_list" time="0.046" /><testcase classname="tests.test_blood_link_e2e.TestDonorManagement" name="test_get_donor_by_id" time="0.125" /><testcase classname="tests.test_blood_link_e2e.TestDonorManagement" name="test_check_donor_eligibility" time="0.037" /><testcase classname="tests.test_blood_link_e2e.TestScreening" name="test_create_screening" time="0.117" /><testcase classname="tests.test_blood_link_e2e.TestScreening" name="test_get_screenings" time="0.039" /><testcase classname="tests.test_blood_link_e2e.TestScreening" name="test_get_pending_donors_for_screening" time="0.046" /><testcase classname="tests.test_blood_link_e2e.TestCollection" name="test_get_eligible_donors_for_collection" time="0.043" /><testcase classname="tests.test_blood_link_e2e.TestCollection" name="test_create_donation" time="0.163" /><testcase classname="tests.test_blood_link_e2e.TestCollection" name="test_complete_donation" time="0.033"><skipped type="pytest.skip" message="Failed to create donation: {&quot;detail&quot;:[{&quot;type&quot;:&quot;missing&quot;,&quot;loc&quot;:[&quot;body&quot;,&quot;collection_start_time&quot;],&quot;msg&quot;:&quot;Field required&quot;,&quot;input&quot;:{&quot;screening_id&quot;:&quot;90f5e337-44f4-420b-abca-5608491f0611&quot;,&quot;donor_id&quot;:&quot;76b8dae4-6fad-4dc6-99c9-c8107abb430e&quot;,&quot;donation_type&quot;:&quot;whole_blood&quot;,&quot;bag_type&quot;:&quot;single&quot;},&quot;url&quot;:&quot;https://errors.pydantic.dev/2.5/v/missing&quot;}]}">/app/backend/tests/test_blood_link_e2e.py:223: Failed to create donation: {"detail":[{"type":"missing","loc":["body","collection_start_time"],"msg":"Field required","input":{"screening_id":"90f5e337-44f4-420b-abca-5608491f0611","donor_id":"76b8dae4-6fad-4dc6-99c9-c8107abb430e","donation_type":"whole_blood","bag_type":"single"},"url":"https://errors.pydantic.dev/2.5/v/missing"}]}</skipped></testcase><testcase classname="tests.test_blood_link_e2e.TestCollection" name="test_get_donations" time="0.036" /><testcase classname="tests.test_blood_link_e2e.TestLaboratory" name="test_get_blood_units" time="0.038" /><testcase classname="tests.test_blood_link_e2e.TestLaboratory" name="test_create_lab_test" time="0.147"><skipped type="pytest.skip" message="Failed to create donation: {&quot;detail&quot;:[{&quot;type&quot;:&quot;missing&quot;,&quot;loc&quot;:[&quot;body&quot;,&quot;collection_start_time&quot;],&quot;msg&quot;:&quot;Field required&quot;,&quot;input&quot;:{&quot;screening_id&quot;:&quot;46b9736c-9262-4faa-a170-8136055c42d2&quot;,&quot;donor_id&quot;:&quot;4e7cc296-c48e-498c-82f4-708996077791&quot;,&quot;donation_type&quot;:&quot;whole_blood&quot;,&quot;bag_type&quot;:&quot;single&quot;},&quot;url&quot;:&quot;https://errors.pydantic.dev/2.5/v/missing&quot;}]}">/app/backend/tests/test_blood_link_e2e.py:261: Failed to create donation: {"detail":[{"type":"missing","loc":["body","collection_start_time"],"msg":"Field required","input":{"screening_id":"46b9736c-9262-4faa-a170-8136055c42d2","donor_id":"4e7cc296-c48e-498c-82f4-708996077791","donation_type":"whole_blood","bag_type":"single"},"url":"https://errors.pydantic.dev/2.5/v/missing"}]}</skipped></testcase><testcase classname="tests.test_blood_link_e2e.TestLaboratory" name="test_get_lab_tests" time="0.035" /><testcase classname="tests.test_blood_link_e2e.TestProcessing" name="test_create_components" time="0.137"><skipped type="pytest.skip" message="Failed to create donation: {&quot;detail&quot;:[{&quot;type&quot;:&quot;missing&quot;,&quot;loc&quot;:[&quot;body&quot;,&quot;collection_start_time&quot;],&quot;msg&quot;:&quot;Field required&quot;,&quot;input&quot;:{&quot;screening_id&quot;:&quot;4d10cccf-79e6-4ecf-9242-de18381577bc&quot;,&quot;donor_id&quot;:&quot;96401adb-ebfa-4c23-b08d-aeec50477fae&quot;,&quot;donation_type&quot;:&quot;whole_blood&quot;,&quot;bag_type&quot;:&quot;single&quot;},&quot;url&quot;:&quot;https://errors.pydantic.dev/2.5/v/missing&quot;}]}">/app/backend/tests/test_blood_link_e2e.py:298: Failed to create donation: {"detail":[{"type":"missing","loc":["body","collection_start_time"],"msg":"Field required","input":{"screening_id":"4d10cccf-79e6-4ecf-9242-de18381577bc","donor_id":"96401adb-ebfa-4c23-b08d-aeec50477fae","donation_type":"whole_blood","bag_type":"single"},"url":"https://errors.pydantic.dev/2.5/v/missing"}]}</skipped></testcase><testcase classname="tests.test_blood_link_e2e.TestProcessing" name="test_get_components" time="0.037" /><testcase classname="tests.test_blood_link_e2e.TestQCValidation" name="test_get_qc_validations" time="0.035" /><testcase classname="tests.test_blood_link_e2e.TestInventory" name="test_get_inventory_summary" time="0.039" /><testcase classname="tests.test_blood_link_e2e.TestInventory" name="test_get_inventory_by_blood_group" time="0.040" /><testcase classname="tests.test_blood_link_e2e.TestInventory" name="test_get_expiring_inventory" time="0.039" /><testcase classname="tests.test_blood_link_e2e.TestBloodRequests" name="test_create_blood_request" time="0.038" /><testcase classname="tests.test_blood_link_e2e.TestBloodRequests" name="test_get_blood_requests" time="0.035" /><testcase classname="tests.test_blood_link_e2e.TestIssuance" name="test_get_issuances" time="0.038" /><testcase classname="tests.test_blood_link_e2e.TestLogistics" name="test_get_shipments" time="0.036" /><testcase classname="tests.test_blood_link_e2e.TestLogistics" name="test_get_logistics_dashboard" time="0.037" /><testcase classname="tests.test_blood_link_e2e.TestOrganizations" name="test_get_organizations" time="0.298" /><testcase classname="tests.test_blood_link_e2e.TestOrganizations" name="test_get_public_organizations" time="0.036" /><testcase classname="tests.test_blood_link_e2e.TestUserManagement" name="test_get_users" time="0.036" /><testcase classname="tests.test_blood_link_e2e.TestDashboard" name="test_get_dashboard_stats" time="0.039" /><testcase classname="tests.test_blood_link_e2e.TestNotifications" name="test_get_notifications" time="0.040" /><testcase classname="tests.test_blood_link_e2e.TestNotifications" name="test_get_notification_count" time="0.036" /></testsuite></testsuites>