<?xml version="1.0" encoding="utf-8"?><testsuites name="pytest tests"><testsuite name="pytest" errors="0" failures="0" skipped="0" tests="13" time="3.659" timestamp="2026-01-28T06:50:28.279718+00:00" hostname="agent-env-93a00611-de23-452e-8202-b527291ae4d1"><testcase classname="tests.test_requestor_dashboard.TestRequestorLogin" name="test_requestor_login_success" time="0.292" /><testcase classname="tests.test_requestor_dashboard.TestRequestorLogin" name="test_requestor_login_returns_org_info" time="0.274" /><testcase classname="tests.test_requestor_dashboard.TestRequestorProfile" name="test_get_profile_success" time="0.311" /><testcase classname="tests.test_requestor_dashboard.TestRequestorProfile" name="test_profile_contains_location_info" time="0.301" /><testcase classname="tests.test_requestor_dashboard.TestRequestorProfile" name="test_profile_unauthorized_without_token" time="0.040" /><testcase classname="tests.test_requestor_dashboard.TestRequestorRequests" name="test_get_requests_success" time="0.300" /><testcase classname="tests.test_requestor_dashboard.TestRequestorRequests" name="test_existing_request_has_required_fields" time="0.346" /><testcase classname="tests.test_requestor_dashboard.TestRequestorRequests" name="test_create_blood_request" time="0.305" /><testcase classname="tests.test_requestor_dashboard.TestRequestorRequests" name="test_create_request_with_pickup_location" time="0.512" /><testcase classname="tests.test_requestor_dashboard.TestRequestorRequests" name="test_created_request_appears_in_list" time="0.364" /><testcase classname="tests.test_requestor_dashboard.TestBloodAvailability" name="test_get_blood_groups_availability" time="0.054" /><testcase classname="tests.test_requestor_dashboard.TestBloodAvailability" name="test_blood_group_has_stock_info" time="0.049" /><testcase classname="tests.test_requestor_dashboard.TestRequestorNavigation" name="test_broadcasts_endpoint_accessible" time="0.298" /></testsuite></testsuites>