<?xml version="1.0" encoding="utf-8"?><testsuites name="pytest tests"><testsuite name="pytest" errors="0" failures="0" skipped="0" tests="23" time="10.302" timestamp="2026-01-27T11:33:37.140784+00:00" hostname="agent-env-a3b9c2d5-efb6-453a-bc40-d523bc291c1f"><testcase classname="backend.tests.test_requestors.TestRequestorPublicRegistration" name="test_register_requestor_success" time="0.346" /><testcase classname="backend.tests.test_requestors.TestRequestorPublicRegistration" name="test_register_requestor_duplicate_email" time="0.335" /><testcase classname="backend.tests.test_requestors.TestRequestorPublicRegistration" name="test_register_requestor_invalid_data" time="0.042" /><testcase classname="backend.tests.test_requestors.TestRequestorPublicRegistration" name="test_register_requestor_all_types" time="1.442" /><testcase classname="backend.tests.test_requestors.TestRequestorAdminAPIs" name="test_get_all_requestors" time="0.337" /><testcase classname="backend.tests.test_requestors.TestRequestorAdminAPIs" name="test_get_requestors_with_status_filter" time="0.450" /><testcase classname="backend.tests.test_requestors.TestRequestorAdminAPIs" name="test_get_requestors_with_search" time="0.350" /><testcase classname="backend.tests.test_requestors.TestRequestorAdminAPIs" name="test_get_requestor_stats" time="0.323" /><testcase classname="backend.tests.test_requestors.TestRequestorAdminAPIs" name="test_get_pending_requestors" time="0.321" /><testcase classname="backend.tests.test_requestors.TestRequestorAdminAPIs" name="test_get_single_requestor" time="0.362" /><testcase classname="backend.tests.test_requestors.TestRequestorAdminAPIs" name="test_get_nonexistent_requestor" time="0.328" /><testcase classname="backend.tests.test_requestors.TestRequestorApprovalWorkflow" name="test_approve_requestor" time="0.713" /><testcase classname="backend.tests.test_requestors.TestRequestorApprovalWorkflow" name="test_reject_requestor" time="0.679" /><testcase classname="backend.tests.test_requestors.TestRequestorApprovalWorkflow" name="test_approve_without_org_id" time="0.614" /><testcase classname="backend.tests.test_requestors.TestRequestorApprovalWorkflow" name="test_reject_without_reason" time="0.658" /><testcase classname="backend.tests.test_requestors.TestRequestorSuspendReactivate" name="test_suspend_approved_requestor" time="0.728" /><testcase classname="backend.tests.test_requestors.TestRequestorSuspendReactivate" name="test_reactivate_suspended_requestor" time="0.750" /><testcase classname="backend.tests.test_requestors.TestRequestorSuspendReactivate" name="test_suspend_pending_requestor_fails" time="0.632" /><testcase classname="backend.tests.test_requestors.TestRequestorCheckStatus" name="test_check_status_existing" time="0.319" /><testcase classname="backend.tests.test_requestors.TestRequestorCheckStatus" name="test_check_status_nonexistent" time="0.046" /><testcase classname="backend.tests.test_requestors.TestRequestorUnauthenticated" name="test_get_requestors_unauthenticated" time="0.039" /><testcase classname="backend.tests.test_requestors.TestRequestorUnauthenticated" name="test_get_stats_unauthenticated" time="0.040" /><testcase classname="backend.tests.test_requestors.TestRequestorUnauthenticated" name="test_get_pending_unauthenticated" time="0.347" /></testsuite></testsuites>