<?xml version="1.0" encoding="utf-8"?><testsuites name="pytest tests"><testsuite name="pytest" errors="0" failures="0" skipped="0" tests="18" time="4.926" timestamp="2026-01-27T11:00:05.679201+00:00" hostname="agent-env-a3b9c2d5-efb6-453a-bc40-d523bc291c1f"><testcase classname="backend.tests.test_roles_permissions.TestRolesAPI" name="test_get_roles_returns_list" time="0.313" /><testcase classname="backend.tests.test_roles_permissions.TestRolesAPI" name="test_get_roles_includes_expected_system_roles" time="0.278" /><testcase classname="backend.tests.test_roles_permissions.TestRolesAPI" name="test_get_available_modules" time="0.268" /><testcase classname="backend.tests.test_roles_permissions.TestRolesAPI" name="test_get_my_permissions_org_admin" time="0.267" /><testcase classname="backend.tests.test_roles_permissions.TestRolesAPI" name="test_get_my_permissions_system_admin" time="0.269" /><testcase classname="backend.tests.test_roles_permissions.TestRolesAPI" name="test_create_custom_role" time="0.282" /><testcase classname="backend.tests.test_roles_permissions.TestRolesAPI" name="test_create_role_validates_permissions" time="0.275" /><testcase classname="backend.tests.test_roles_permissions.TestRolesAPI" name="test_update_custom_role" time="0.309" /><testcase classname="backend.tests.test_roles_permissions.TestRolesAPI" name="test_update_system_role_fails" time="0.291" /><testcase classname="backend.tests.test_roles_permissions.TestRolesAPI" name="test_delete_custom_role" time="0.292" /><testcase classname="backend.tests.test_roles_permissions.TestRolesAPI" name="test_delete_system_role_fails" time="0.279" /><testcase classname="backend.tests.test_roles_permissions.TestRolesAPI" name="test_duplicate_role" time="0.298" /><testcase classname="backend.tests.test_roles_permissions.TestRolesAPI" name="test_duplicate_system_role" time="0.299" /><testcase classname="backend.tests.test_roles_permissions.TestRolesAPI" name="test_get_single_role" time="0.283" /><testcase classname="backend.tests.test_roles_permissions.TestRolesAPI" name="test_get_nonexistent_role" time="0.265" /><testcase classname="backend.tests.test_roles_permissions.TestPermissionMiddleware" name="test_authenticated_user_can_access_roles" time="0.271" /><testcase classname="backend.tests.test_roles_permissions.TestPermissionMiddleware" name="test_unauthenticated_user_blocked" time="0.033" /><testcase classname="backend.tests.test_roles_permissions.TestExistingCustomRole" name="test_limited_viewer_exists" time="0.270" /></testsuite></testsuites>